Using pre-set license
Built from '2020.3/release' branch; Version is '2020.3.2f1 (8fd9074bf66c) revision 9427207'; Using compiler version '192528614'; Build Type 'Release'
OS: 'Windows 10 Pro; OS build 18363.1500; Version 1909; 64bit' Language: 'fr' Physical Memory: 16316 MB
BatchMode: 1, IsHumanControllingUs: 0, StartBugReporterOnCrash: 0, Is64bit: 1, IsPro: 0

 COMMAND LINE ARGUMENTS:
C:\Program Files\UnityEditor\2020.3.2f1\Editor\Unity.exe
-adb2
-batchMode
-noUpm
-name
AssetImportWorker0
-projectPath
C:/6freedom/MyDocumentedProject
-logFile
Logs/AssetImportWorker0.log
-srvPort
2922
Successfully changed project path to: C:/6freedom/MyDocumentedProject
C:/6freedom/MyDocumentedProject
Using Asset Import Pipeline V2.
Refreshing native plugins compatible for Editor in 26.29 ms, found 0 plugins.
Preloading 0 native plugins for Editor in 0.00 ms.
Initialize engine version: 2020.3.2f1 (8fd9074bf66c)
[Subsystems] Discovering subsystems at path C:/Program Files/UnityEditor/2020.3.2f1/Editor/Data/Resources/UnitySubsystems
[Subsystems] Discovering subsystems at path C:/6freedom/MyDocumentedProject/Assets
GfxDevice: creating device client; threaded=0
Direct3D:
    Version:  Direct3D 11.0 [level 11.1]
    Renderer: NVIDIA GeForce RTX 3080 (ID=0x2206)
    Vendor:   
    VRAM:     10077 MB
    Driver:   27.21.14.6089
Initialize mono
Mono path[0] = 'C:/Program Files/UnityEditor/2020.3.2f1/Editor/Data/Managed'
Mono path[1] = 'C:/Program Files/UnityEditor/2020.3.2f1/Editor/Data/MonoBleedingEdge/lib/mono/unityjit'
Mono config path = 'C:/Program Files/UnityEditor/2020.3.2f1/Editor/Data/MonoBleedingEdge/etc'
Using monoOptions --debugger-agent=transport=dt_socket,embedding=1,server=y,suspend=n,address=127.0.0.1:56792
Begin MonoManager ReloadAssembly
Registering precompiled unity dll's ...
Register platform support module: C:/Program Files/UnityEditor/2020.3.2f1/Editor/Data/PlaybackEngines/WindowsStandaloneSupport/UnityEditor.WindowsStandalone.Extensions.dll
Registered in 0.002533 seconds.
Native extension for WindowsStandalone target not found
Refreshing native plugins compatible for Editor in 43.26 ms, found 0 plugins.
Preloading 0 native plugins for Editor in 0.00 ms.
Invoked RoslynAnalysisRunner static constructor.
RoslynAnalysisRunner will not be running.
RoslynAnalysisRunner has terminated.
Mono: successfully reloaded assembly
- Completed reload, in  2.483 seconds
Platform modules already initialized, skipping
Registering precompiled user dll's ...
Registered in 0.000932 seconds.
Begin MonoManager ReloadAssembly
Native extension for WindowsStandalone target not found
Refreshing native plugins compatible for Editor in 0.28 ms, found 0 plugins.
Preloading 0 native plugins for Editor in 0.00 ms.
Invoked RoslynAnalysisRunner static constructor.
RoslynAnalysisRunner will not be running.
RoslynAnalysisRunner has terminated.
Mono: successfully reloaded assembly
- Completed reload, in  1.162 seconds
Platform modules already initialized, skipping
========================================================================
Worker process is ready to serve import requests
Launched and connected shader compiler UnityShaderCompiler.exe after 0.05 seconds
Refreshing native plugins compatible for Editor in 0.31 ms, found 0 plugins.
Preloading 0 native plugins for Editor in 0.00 ms.
Unloading 1116 Unused Serialized files (Serialized files now loaded: 0)
System memory in use before: 57.2 MB.
System memory in use after: 57.3 MB.

Unloading 10 unused Assets to reduce memory usage. Loaded Objects now: 1558.
Total: 2.263400 ms (FindLiveObjects: 0.259400 ms CreateObjectMapping: 0.051100 ms MarkObjects: 1.837600 ms  DeleteObjects: 0.113500 ms)

========================================================================
Received Import Request.
  path: Assets/MySphere.cs
  artifactKey: Guid(b43f05b22dd0cae409c1d58feebdf412) Importer(815301076,1909f56bfc062723c751e8b465ee728b)
Start importing Assets/MySphere.cs using Guid(b43f05b22dd0cae409c1d58feebdf412) Importer(815301076,1909f56bfc062723c751e8b465ee728b)  -> (artifact id: '3640f33a5e964f64fe7f8737a56c4bbb') in 0.029245 seconds
  Import took 0.031554 seconds .

========================================================================
Received Import Request.
  Time since last request: 57.421110 seconds.
  path: Assets/MySphere.cs
  artifactKey: Guid(b43f05b22dd0cae409c1d58feebdf412) Importer(815301076,1909f56bfc062723c751e8b465ee728b)
Start importing Assets/MySphere.cs using Guid(b43f05b22dd0cae409c1d58feebdf412) Importer(815301076,1909f56bfc062723c751e8b465ee728b)  -> (artifact id: '1e9acc65857370fae2d7310222c26617') in 0.003544 seconds
  Import took 0.005885 seconds .

========================================================================
Received Prepare
Registering precompiled user dll's ...
Registered in 0.001332 seconds.
Begin MonoManager ReloadAssembly
Native extension for WindowsStandalone target not found
Refreshing native plugins compatible for Editor in 0.25 ms, found 0 plugins.
Preloading 0 native plugins for Editor in 0.00 ms.
Invoked RoslynAnalysisRunner static constructor.
RoslynAnalysisRunner will not be running.
RoslynAnalysisRunner has terminated.
Mono: successfully reloaded assembly
- Completed reload, in  0.957 seconds
Platform modules already initialized, skipping
Refreshing native plugins compatible for Editor in 0.24 ms, found 0 plugins.
Preloading 0 native plugins for Editor in 0.00 ms.
Unloading 1111 Unused Serialized files (Serialized files now loaded: 0)
System memory in use before: 57.1 MB.
System memory in use after: 57.2 MB.

Unloading 5 unused Assets to reduce memory usage. Loaded Objects now: 1561.
Total: 2.600900 ms (FindLiveObjects: 0.212500 ms CreateObjectMapping: 0.041600 ms MarkObjects: 2.251900 ms  DeleteObjects: 0.092200 ms)

========================================================================
Received Prepare
Registering precompiled user dll's ...
Registered in 0.000962 seconds.
Begin MonoManager ReloadAssembly
Native extension for WindowsStandalone target not found
Refreshing native plugins compatible for Editor in 0.31 ms, found 0 plugins.
Preloading 0 native plugins for Editor in 0.00 ms.
Invoked RoslynAnalysisRunner static constructor.
RoslynAnalysisRunner will not be running.
RoslynAnalysisRunner has terminated.
Mono: successfully reloaded assembly
- Completed reload, in  0.934 seconds
Platform modules already initialized, skipping
Refreshing native plugins compatible for Editor in 0.23 ms, found 0 plugins.
Preloading 0 native plugins for Editor in 0.00 ms.
Unloading 1111 Unused Serialized files (Serialized files now loaded: 0)
System memory in use before: 57.2 MB.
System memory in use after: 57.2 MB.

Unloading 5 unused Assets to reduce memory usage. Loaded Objects now: 1564.
Total: 2.178600 ms (FindLiveObjects: 0.177200 ms CreateObjectMapping: 0.031700 ms MarkObjects: 1.908700 ms  DeleteObjects: 0.059600 ms)

========================================================================
Received Import Request.
  Time since last request: 529.292020 seconds.
  path: Assets/obj
  artifactKey: Guid(734e0dd96d2d4b84baa6b968cc9f2aba) Importer(815301076,1909f56bfc062723c751e8b465ee728b)
Start importing Assets/obj using Guid(734e0dd96d2d4b84baa6b968cc9f2aba) Importer(815301076,1909f56bfc062723c751e8b465ee728b)  -> (artifact id: 'bd84f1ee0f28d26e240155deeac3d9ee') in 0.011048 seconds
  Import took 0.013409 seconds .

========================================================================
Received Prepare
Registering precompiled user dll's ...
Registered in 0.000834 seconds.
Begin MonoManager ReloadAssembly
Native extension for WindowsStandalone target not found
Refreshing native plugins compatible for Editor in 0.68 ms, found 0 plugins.
Preloading 0 native plugins for Editor in 0.00 ms.
Invoked RoslynAnalysisRunner static constructor.
RoslynAnalysisRunner will not be running.
RoslynAnalysisRunner has terminated.
Mono: successfully reloaded assembly
- Completed reload, in  0.924 seconds
Platform modules already initialized, skipping
Refreshing native plugins compatible for Editor in 0.27 ms, found 0 plugins.
Preloading 0 native plugins for Editor in 0.00 ms.
Unloading 1111 Unused Serialized files (Serialized files now loaded: 0)
System memory in use before: 57.2 MB.
System memory in use after: 57.3 MB.

Unloading 5 unused Assets to reduce memory usage. Loaded Objects now: 1567.
Total: 2.037900 ms (FindLiveObjects: 0.183000 ms CreateObjectMapping: 0.041100 ms MarkObjects: 1.749500 ms  DeleteObjects: 0.063100 ms)

========================================================================
Received Import Request.
  Time since last request: 36.685767 seconds.
  path: Assets/MySphere.cs
  artifactKey: Guid(b43f05b22dd0cae409c1d58feebdf412) Importer(815301076,1909f56bfc062723c751e8b465ee728b)
Start importing Assets/MySphere.cs using Guid(b43f05b22dd0cae409c1d58feebdf412) Importer(815301076,1909f56bfc062723c751e8b465ee728b)  -> (artifact id: '246218ac1b44c07420f40f02735f73dc') in 0.005100 seconds
  Import took 0.007512 seconds .

========================================================================
Received Prepare
Registering precompiled user dll's ...
Registered in 0.000830 seconds.
Begin MonoManager ReloadAssembly
Native extension for WindowsStandalone target not found
Refreshing native plugins compatible for Editor in 0.50 ms, found 0 plugins.
Preloading 0 native plugins for Editor in 0.00 ms.
Invoked RoslynAnalysisRunner static constructor.
RoslynAnalysisRunner will not be running.
RoslynAnalysisRunner has terminated.
Mono: successfully reloaded assembly
- Completed reload, in  0.921 seconds
Platform modules already initialized, skipping
Refreshing native plugins compatible for Editor in 0.33 ms, found 0 plugins.
Preloading 0 native plugins for Editor in 0.00 ms.
Unloading 1111 Unused Serialized files (Serialized files now loaded: 0)
System memory in use before: 57.2 MB.
System memory in use after: 57.3 MB.

Unloading 5 unused Assets to reduce memory usage. Loaded Objects now: 1570.
Total: 2.246000 ms (FindLiveObjects: 0.211300 ms CreateObjectMapping: 0.036000 ms MarkObjects: 1.921800 ms  DeleteObjects: 0.074900 ms)

AssetImportWorkerClient::OnTransportError - code=2 error=End of file
